[0m[[0mdebug[0m] [0mRunning TaskDef(WrapTestNg, org.scalatest.tools.Framework$$anon$1@20ed4023, false, [SuiteSelector])[0m
[0m[[0mdebug[0m] [0mRunning TaskDef(ListSpecs, specs2 Specification fingerprint, false, [SuiteSelector])[0m
[0m[[0mdebug[0m] [0mRunning TaskDef(WrapJunit, org.scalatest.tools.Framework$$anon$1@20ed4023, false, [SuiteSelector])[0m
[0m[[0mdebug[0m] [0mRunning TaskDef(ListSpec, org.scalatest.tools.Framework$$anon$1@20ed4023, false, [SuiteSelector])[0m
[0m[[0mdebug[0m] [0mRunning TaskDef(TestFunSuite, org.scalatest.tools.Framework$$anon$1@20ed4023, false, [SuiteSelector])[0m
[0m[[0mdebug[0m] [0mRunning TaskDef(TestSuite, org.scalatest.tools.Framework$$anon$1@20ed4023, false, [SuiteSelector])[0m
[0m[[0mdebug[0m] [0mSummary for specs2 not available.[0m
[0m[[0minfo[0m] [0mScalaTest[0m
[0m[[0minfo[0m] [0m[36mRun completed in 1 second, 508 milliseconds.[0m[0m
[0m[[0minfo[0m] [0m[36mTotal number of tests run: 7[0m[0m
[0m[[0minfo[0m] [0m[36mSuites: completed 5, aborted 0[0m[0m
[0m[[0minfo[0m] [0m[36mTests: succeeded 5, failed 2, canceled 0, ignored 0, pending 0[0m[0m
[0m[[0minfo[0m] [0m[31m*** 2 TESTS FAILED ***[0m[0m
[0m[[31merror[0m] [0mFailed: Total 9, Failed 3, Errors 0, Passed 6[0m
[0m[[0mdebug[0m] [0mPassed tests:[0m
[0m[[0mdebug[0m] [0m	ListSpec[0m
[0m[[0mdebug[0m] [0m	TestSuite[0m
[0m[[0mdebug[0m] [0m	WrapJunit[0m
[0m[[0mdebug[0m] [0m	WrapTestNg[0m
[0m[[31merror[0m] [0mFailed tests:[0m
[0m[[31merror[0m] [0m	TestFunSuite[0m
[0m[[31merror[0m] [0m	ListSpecs[0m
[0m[[31merror[0m] [0m(test:[31mtest[0m) sbt.TestsFailedException: Tests unsuccessful[0m
